{"/Users/itssayzy/notes_service/notes-service/server.js": {"path":"/Users/itssayzy/notes_service/notes-service/server.js","statementMap":{"0":{"start":{"line":1,"column":16},"end":{"line":1,"column":34}},"1":{"start":{"line":2,"column":20},"end":{"line":2,"column":56}},"2":{"start":{"line":3,"column":21},"end":{"line":3,"column":58}},"3":{"start":{"line":5,"column":12},"end":{"line":5,"column":21}},"4":{"start":{"line":7,"column":0},"end":{"line":7,"column":24}},"5":{"start":{"line":8,"column":0},"end":{"line":8,"column":48}},"6":{"start":{"line":10,"column":0},"end":{"line":29,"column":3}},"7":{"start":{"line":11,"column":2},"end":{"line":12,"column":60}},"8":{"start":{"line":12,"column":4},"end":{"line":12,"column":60}},"9":{"start":{"line":13,"column":2},"end":{"line":28,"column":7}},"10":{"start":{"line":31,"column":0},"end":{"line":31,"column":31}},"11":{"start":{"line":32,"column":0},"end":{"line":32,"column":33}},"12":{"start":{"line":34,"column":0},"end":{"line":34,"column":12}},"13":{"start":{"line":37,"column":0},"end":{"line":41,"column":1}},"14":{"start":{"line":38,"column":2},"end":{"line":38,"column":83}},"15":{"start":{"line":38,"column":39},"end":{"line":38,"column":81}},"16":{"start":{"line":40,"column":2},"end":{"line":40,"column":76}},"17":{"start":{"line":40,"column":34},"end":{"line":40,"column":74}},"18":{"start":{"line":44,"column":0},"end":{"line":44,"column":24}}},"fnMap":{"0":{"name":"(anonymous_0)","decl":{"start":{"line":10,"column":13},"end":{"line":10,"column":14}},"loc":{"start":{"line":10,"column":27},"end":{"line":29,"column":1}},"line":10},"1":{"name":"(anonymous_1)","decl":{"start":{"line":38,"column":33},"end":{"line":38,"column":34}},"loc":{"start":{"line":38,"column":39},"end":{"line":38,"column":81}},"line":38},"2":{"name":"(anonymous_2)","decl":{"start":{"line":40,"column":28},"end":{"line":40,"column":29}},"loc":{"start":{"line":40,"column":34},"end":{"line":40,"column":74}},"line":40}},"branchMap":{"0":{"loc":{"start":{"line":11,"column":2},"end":{"line":12,"column":60}},"type":"if","locations":[{"start":{"line":11,"column":2},"end":{"line":12,"column":60}},{"start":{},"end":{}}],"line":11},"1":{"loc":{"start":{"line":37,"column":0},"end":{"line":41,"column":1}},"type":"if","locations":[{"start":{"line":37,"column":0},"end":{"line":41,"column":1}},{"start":{"line":39,"column":7},"end":{"line":41,"column":1}}],"line":37},"2":{"loc":{"start":{"line":37,"column":4},"end":{"line":37,"column":66}},"type":"binary-expr","locations":[{"start":{"line":37,"column":4},"end":{"line":37,"column":26}},{"start":{"line":37,"column":30},"end":{"line":37,"column":66}}],"line":37}},"s":{"0":1,"1":1,"2":1,"3":1,"4":1,"5":1,"6":1,"7":0,"8":0,"9":0,"10":1,"11":1,"12":1,"13":1,"14":0,"15":0,"16":1,"17":1,"18":1},"f":{"0":0,"1":0,"2":1},"b":{"0":[0,0],"1":[0,1],"2":[1,0]},"_coverageSchema":"1a1c01bbd47fc00a2c39e90264f33305004495a9","hash":"cd1e2c16a53a1ee95c0dd1b879636420acf7f6f1"}
,"/Users/itssayzy/notes_service/notes-service/src/routes/health.router.js": {"path":"/Users/itssayzy/notes_service/notes-service/src/routes/health.router.js","statementMap":{"0":{"start":{"line":1,"column":15},"end":{"line":1,"column":42}},"1":{"start":{"line":2,"column":25},"end":{"line":2,"column":50}},"2":{"start":{"line":3,"column":15},"end":{"line":3,"column":33}},"3":{"start":{"line":5,"column":0},"end":{"line":5,"column":63}},"4":{"start":{"line":5,"column":35},"end":{"line":5,"column":61}},"5":{"start":{"line":7,"column":0},"end":{"line":14,"column":3}},"6":{"start":{"line":8,"column":2},"end":{"line":13,"column":3}},"7":{"start":{"line":9,"column":4},"end":{"line":9,"column":37}},"8":{"start":{"line":10,"column":4},"end":{"line":10,"column":31}},"9":{"start":{"line":12,"column":4},"end":{"line":12,"column":55}},"10":{"start":{"line":16,"column":0},"end":{"line":16,"column":24}}},"fnMap":{"0":{"name":"(anonymous_0)","decl":{"start":{"line":5,"column":21},"end":{"line":5,"column":22}},"loc":{"start":{"line":5,"column":35},"end":{"line":5,"column":61}},"line":5},"1":{"name":"(anonymous_1)","decl":{"start":{"line":7,"column":21},"end":{"line":7,"column":22}},"loc":{"start":{"line":7,"column":41},"end":{"line":14,"column":1}},"line":7}},"branchMap":{},"s":{"0":1,"1":1,"2":1,"3":1,"4":1,"5":1,"6":0,"7":0,"8":0,"9":0,"10":1},"f":{"0":1,"1":0},"b":{},"_coverageSchema":"1a1c01bbd47fc00a2c39e90264f33305004495a9","hash":"7931bafe9093b970bff5b84c7caa09986c899ca4"}
,"/Users/itssayzy/notes_service/notes-service/src/routes/notes.router.js": {"path":"/Users/itssayzy/notes_service/notes-service/src/routes/notes.router.js","statementMap":{"0":{"start":{"line":1,"column":15},"end":{"line":1,"column":42}},"1":{"start":{"line":2,"column":25},"end":{"line":2,"column":50}},"2":{"start":{"line":3,"column":15},"end":{"line":3,"column":33}},"3":{"start":{"line":5,"column":21},"end":{"line":11,"column":1}},"4":{"start":{"line":5,"column":38},"end":{"line":11,"column":1}},"5":{"start":{"line":13,"column":0},"end":{"line":35,"column":3}},"6":{"start":{"line":14,"column":2},"end":{"line":34,"column":3}},"7":{"start":{"line":15,"column":18},"end":{"line":17,"column":6}},"8":{"start":{"line":19,"column":4},"end":{"line":31,"column":5}},"9":{"start":{"line":20,"column":19},"end":{"line":22,"column":17}},"10":{"start":{"line":21,"column":20},"end":{"line":21,"column":66}},"11":{"start":{"line":23,"column":6},"end":{"line":28,"column":8}},"12":{"start":{"line":30,"column":6},"end":{"line":30,"column":22}},"13":{"start":{"line":33,"column":4},"end":{"line":33,"column":49}},"14":{"start":{"line":37,"column":0},"end":{"line":49,"column":3}},"15":{"start":{"line":38,"column":2},"end":{"line":48,"column":3}},"16":{"start":{"line":39,"column":21},"end":{"line":44,"column":6}},"17":{"start":{"line":45,"column":4},"end":{"line":45,"column":35}},"18":{"start":{"line":47,"column":4},"end":{"line":47,"column":49}},"19":{"start":{"line":52,"column":0},"end":{"line":74,"column":3}},"20":{"start":{"line":53,"column":2},"end":{"line":73,"column":3}},"21":{"start":{"line":54,"column":17},"end":{"line":56,"column":6}},"22":{"start":{"line":57,"column":4},"end":{"line":57,"column":61}},"23":{"start":{"line":57,"column":15},"end":{"line":57,"column":61}},"24":{"start":{"line":59,"column":4},"end":{"line":70,"column":5}},"25":{"start":{"line":60,"column":22},"end":{"line":66,"column":21}},"26":{"start":{"line":67,"column":6},"end":{"line":67,"column":54}},"27":{"start":{"line":69,"column":6},"end":{"line":69,"column":21}},"28":{"start":{"line":72,"column":4},"end":{"line":72,"column":49}},"29":{"start":{"line":76,"column":0},"end":{"line":76,"column":24}}},"fnMap":{"0":{"name":"(anonymous_0)","decl":{"start":{"line":5,"column":21},"end":{"line":5,"column":22}},"loc":{"start":{"line":5,"column":38},"end":{"line":11,"column":1}},"line":5},"1":{"name":"(anonymous_1)","decl":{"start":{"line":13,"column":16},"end":{"line":13,"column":17}},"loc":{"start":{"line":13,"column":36},"end":{"line":35,"column":1}},"line":13},"2":{"name":"(anonymous_2)","decl":{"start":{"line":21,"column":13},"end":{"line":21,"column":14}},"loc":{"start":{"line":21,"column":20},"end":{"line":21,"column":66}},"line":21},"3":{"name":"(anonymous_3)","decl":{"start":{"line":37,"column":17},"end":{"line":37,"column":18}},"loc":{"start":{"line":37,"column":37},"end":{"line":49,"column":1}},"line":37},"4":{"name":"(anonymous_4)","decl":{"start":{"line":52,"column":19},"end":{"line":52,"column":20}},"loc":{"start":{"line":52,"column":39},"end":{"line":74,"column":1}},"line":52}},"branchMap":{"0":{"loc":{"start":{"line":19,"column":4},"end":{"line":31,"column":5}},"type":"if","locations":[{"start":{"line":19,"column":4},"end":{"line":31,"column":5}},{"start":{"line":29,"column":11},"end":{"line":31,"column":5}}],"line":19},"1":{"loc":{"start":{"line":57,"column":4},"end":{"line":57,"column":61}},"type":"if","locations":[{"start":{"line":57,"column":4},"end":{"line":57,"column":61}},{"start":{},"end":{}}],"line":57},"2":{"loc":{"start":{"line":59,"column":4},"end":{"line":70,"column":5}},"type":"if","locations":[{"start":{"line":59,"column":4},"end":{"line":70,"column":5}},{"start":{"line":68,"column":11},"end":{"line":70,"column":5}}],"line":59}},"s":{"0":1,"1":1,"2":1,"3":1,"4":0,"5":1,"6":0,"7":0,"8":0,"9":0,"10":0,"11":0,"12":0,"13":0,"14":1,"15":0,"16":0,"17":0,"18":0,"19":1,"20":0,"21":0,"22":0,"23":0,"24":0,"25":0,"26":0,"27":0,"28":0,"29":1},"f":{"0":0,"1":0,"2":0,"3":0,"4":0},"b":{"0":[0,0],"1":[0,0],"2":[0,0]},"_coverageSchema":"1a1c01bbd47fc00a2c39e90264f33305004495a9","hash":"3747310acd4bca43ae2456eccf6ac2f9b1d9287b"}
}
